@!@!@STARTMSG 2262:0 @!@!@
TLC2 Version 2.16 of 31 December 2020 (rev: cdddf55)
@!@!@ENDMSG 2262 @!@!@
@!@!@STARTMSG 2187:0 @!@!@
Running breadth-first search Model-Checking with fp 45 and seed 4448237761345682622 with 1 worker on 8 cores with 3548MB heap and 64MB offheap memory [pid: 7147] (Linux 5.15.90.1-microsoft-standard-WSL2 amd64, Ubuntu 11.0.19 x86_64, MSBDiskFPSet, DiskStateQueue).
@!@!@ENDMSG 2187 @!@!@
@!@!@STARTMSG 2220:0 @!@!@
Starting SANY...
@!@!@ENDMSG 2220 @!@!@
Parsing file /home/jose/Courses/learn-tla/TLA+-video-course/DieHard/DieHard_MC.tla
Parsing file /home/jose/Courses/learn-tla/TLA+-video-course/DieHard/DieHard.tla
Parsing file /tmp/TLC.tla
Parsing file /tmp/Integers.tla
Parsing file /tmp/Naturals.tla
Parsing file /tmp/Sequences.tla
Parsing file /tmp/FiniteSets.tla
Semantic processing of module Naturals
Semantic processing of module Sequences
Semantic processing of module FiniteSets
Semantic processing of module TLC
Semantic processing of module Integers
Semantic processing of module DieHard
Semantic processing of module DieHard_MC
@!@!@STARTMSG 2219:0 @!@!@
SANY finished.
@!@!@ENDMSG 2219 @!@!@
@!@!@STARTMSG 2185:0 @!@!@
Starting... (2023-06-08 20:44:48)
@!@!@ENDMSG 2185 @!@!@
@!@!@STARTMSG 2189:0 @!@!@
Computing initial states...
@!@!@ENDMSG 2189 @!@!@
@!@!@STARTMSG 2190:0 @!@!@
Finished computing initial states: 1 distinct state generated at 2023-06-08 20:44:48.
@!@!@ENDMSG 2190 @!@!@
@!@!@STARTMSG 2110:1 @!@!@
Invariant BigJarNot4 is violated.
@!@!@ENDMSG 2110 @!@!@
@!@!@STARTMSG 2121:1 @!@!@
The behavior up to this point is:
@!@!@ENDMSG 2121 @!@!@
@!@!@STARTMSG 2217:4 @!@!@
1: <Initial predicate>
/\ big = 0
/\ small = 0

@!@!@ENDMSG 2217 @!@!@
@!@!@STARTMSG 2217:4 @!@!@
2: <FillBig line 15, col 12 to line 15, col 42 of module DieHard>
/\ big = 5
/\ small = 0

@!@!@ENDMSG 2217 @!@!@
@!@!@STARTMSG 2217:4 @!@!@
3: <BigToSmall line 27, col 15 to line 31, col 55 of module DieHard>
/\ big = 2
/\ small = 3

@!@!@ENDMSG 2217 @!@!@
@!@!@STARTMSG 2217:4 @!@!@
4: <EmptySmall line 17, col 15 to line 17, col 38 of module DieHard>
/\ big = 2
/\ small = 0

@!@!@ENDMSG 2217 @!@!@
@!@!@STARTMSG 2217:4 @!@!@
5: <BigToSmall line 27, col 15 to line 31, col 55 of module DieHard>
/\ big = 0
/\ small = 2

@!@!@ENDMSG 2217 @!@!@
@!@!@STARTMSG 2217:4 @!@!@
6: <FillBig line 15, col 12 to line 15, col 42 of module DieHard>
/\ big = 5
/\ small = 2

@!@!@ENDMSG 2217 @!@!@
@!@!@STARTMSG 2217:4 @!@!@
7: <BigToSmall line 27, col 15 to line 31, col 55 of module DieHard>
/\ big = 4
/\ small = 3

@!@!@ENDMSG 2217 @!@!@
@!@!@STARTMSG 2201:0 @!@!@
The coverage statistics at 2023-06-08 20:44:48
@!@!@ENDMSG 2201 @!@!@
@!@!@STARTMSG 2773:0 @!@!@
<Init line 10, col 1 to line 10, col 4 of module DieHard>: 2:2
@!@!@ENDMSG 2773 @!@!@
@!@!@STARTMSG 2221:0 @!@!@
  line 10, col 9 to line 11, col 18 of module DieHard: 2
@!@!@ENDMSG 2221 @!@!@
@!@!@STARTMSG 2772:0 @!@!@
<FillSmall line 13, col 1 to line 13, col 9 of module DieHard>: 2:18
@!@!@ENDMSG 2772 @!@!@
@!@!@STARTMSG 2221:0 @!@!@
  line 13, col 14 to line 13, col 44 of module DieHard: 18
@!@!@ENDMSG 2221 @!@!@
@!@!@STARTMSG 2772:0 @!@!@
<FillBig line 15, col 1 to line 15, col 7 of module DieHard>: 3:18
@!@!@ENDMSG 2772 @!@!@
@!@!@STARTMSG 2221:0 @!@!@
  line 15, col 12 to line 15, col 42 of module DieHard: 18
@!@!@ENDMSG 2221 @!@!@
@!@!@STARTMSG 2772:0 @!@!@
<EmptySmall line 17, col 1 to line 17, col 10 of module DieHard>: 1:16
@!@!@ENDMSG 2772 @!@!@
@!@!@STARTMSG 2221:0 @!@!@
  line 17, col 15 to line 17, col 38 of module DieHard: 16
@!@!@ENDMSG 2221 @!@!@
@!@!@STARTMSG 2772:0 @!@!@
<EmptyBig line 19, col 1 to line 19, col 8 of module DieHard>: 1:15
@!@!@ENDMSG 2772 @!@!@
@!@!@STARTMSG 2221:0 @!@!@
  line 19, col 13 to line 19, col 38 of module DieHard: 15
@!@!@ENDMSG 2221 @!@!@
@!@!@STARTMSG 2772:0 @!@!@
<SmallToBig line 21, col 1 to line 21, col 10 of module DieHard>: 3:15
@!@!@ENDMSG 2772 @!@!@
@!@!@STARTMSG 2221:0 @!@!@
  line 21, col 18 to line 21, col 38 of module DieHard: 15
@!@!@ENDMSG 2221 @!@!@
@!@!@STARTMSG 2221:0 @!@!@
  line 22, col 22 to line 23, col 34 of module DieHard: 10
@!@!@ENDMSG 2221 @!@!@
@!@!@STARTMSG 2221:0 @!@!@
  line 24, col 22 to line 25, col 55 of module DieHard: 5
@!@!@ENDMSG 2221 @!@!@
@!@!@STARTMSG 2772:0 @!@!@
<BigToSmall line 27, col 1 to line 27, col 10 of module DieHard>: 3:15
@!@!@ENDMSG 2772 @!@!@
@!@!@STARTMSG 2221:0 @!@!@
  line 27, col 18 to line 27, col 40 of module DieHard: 15
@!@!@ENDMSG 2221 @!@!@
@!@!@STARTMSG 2221:0 @!@!@
  line 28, col 22 to line 29, col 32 of module DieHard: 7
@!@!@ENDMSG 2221 @!@!@
@!@!@STARTMSG 2221:0 @!@!@
  line 30, col 25 to line 30, col 41 of module DieHard: 7
@!@!@ENDMSG 2221 @!@!@
@!@!@STARTMSG 2221:0 @!@!@
  |line 30, col 34 to line 30, col 41 of module DieHard: 8
@!@!@ENDMSG 2221 @!@!@
@!@!@STARTMSG 2221:0 @!@!@
  line 31, col 25 to line 31, col 55 of module DieHard: 7
@!@!@ENDMSG 2221 @!@!@
@!@!@STARTMSG 2221:0 @!@!@
  |line 31, col 32 to line 31, col 55 of module DieHard: 8
@!@!@ENDMSG 2221 @!@!@
@!@!@STARTMSG 2774:0 @!@!@
<BigJarNot4 line 10, col 1 to line 10, col 10 of module DieHard_MC>
@!@!@ENDMSG 2774 @!@!@
@!@!@STARTMSG 2221:0 @!@!@
  line 10, col 15 to line 10, col 22 of module DieHard_MC: 14
@!@!@ENDMSG 2221 @!@!@
@!@!@STARTMSG 2202:0 @!@!@
End of statistics.
@!@!@ENDMSG 2202 @!@!@
@!@!@STARTMSG 2200:0 @!@!@
Progress(7) at 2023-06-08 20:44:48: 73 states generated (10,554 s/min), 14 distinct states found (2,024 ds/min), 1 states left on queue.
@!@!@ENDMSG 2200 @!@!@
@!@!@STARTMSG 2199:0 @!@!@
73 states generated, 14 distinct states found, 1 states left on queue.
@!@!@ENDMSG 2199 @!@!@
@!@!@STARTMSG 2194:0 @!@!@
The depth of the complete state graph search is 7.
@!@!@ENDMSG 2194 @!@!@
@!@!@STARTMSG 2268:0 @!@!@
The average outdegree of the complete state graph is 1 (minimum is 0, the maximum 2 and the 95th percentile is 2).
@!@!@ENDMSG 2268 @!@!@
@!@!@STARTMSG 2186:0 @!@!@
Finished in 421ms at (2023-06-08 20:44:48)
@!@!@ENDMSG 2186 @!@!@
