@!@!@STARTMSG 2262:0 @!@!@
TLC2 Version 2.16 of 31 December 2020 (rev: cdddf55)
@!@!@ENDMSG 2262 @!@!@
@!@!@STARTMSG 2187:0 @!@!@
Running breadth-first search Model-Checking with fp 55 and seed 6457312377063000864 with 1 worker on 8 cores with 3548MB heap and 64MB offheap memory [pid: 9371] (Linux 5.15.90.1-microsoft-standard-WSL2 amd64, Ubuntu 11.0.19 x86_64, MSBDiskFPSet, DiskStateQueue).
@!@!@ENDMSG 2187 @!@!@
@!@!@STARTMSG 2220:0 @!@!@
Starting SANY...
@!@!@ENDMSG 2220 @!@!@
Parsing file /home/jose/Courses/learn-tla/TLA+-video-course/TxnCommit/PaxosCommit_MC.tla
Parsing file /home/jose/Courses/learn-tla/TLA+-video-course/TxnCommit/PaxosCommit.tla
Parsing file /tmp/Integers.tla
Parsing file /tmp/Naturals.tla
Parsing file /home/jose/Courses/learn-tla/TLA+-video-course/TxnCommit/TCommit.tla
Parsing file /tmp/TLC.tla
Parsing file /tmp/Sequences.tla
Parsing file /tmp/FiniteSets.tla
Semantic processing of module Naturals
Semantic processing of module Integers
Semantic processing of module PaxosCommit
Semantic processing of module Sequences
Semantic processing of module FiniteSets
Semantic processing of module TLC
Semantic processing of module TCommit
Semantic processing of module PaxosCommit_MC
@!@!@STARTMSG 2219:0 @!@!@
SANY finished.
@!@!@ENDMSG 2219 @!@!@
@!@!@STARTMSG 2185:0 @!@!@
Starting... (2023-06-08 22:23:07)
@!@!@ENDMSG 2185 @!@!@
@!@!@STARTMSG 2189:0 @!@!@
Computing initial states...
@!@!@ENDMSG 2189 @!@!@
@!@!@STARTMSG 2190:0 @!@!@
Finished computing initial states: 1 distinct state generated at 2023-06-08 22:23:07.
@!@!@ENDMSG 2190 @!@!@
@!@!@STARTMSG 2200:0 @!@!@
Progress(12) at 2023-06-08 22:23:10: 309,861 states generated (309,861 s/min), 53,226 distinct states found (53,226 ds/min), 24,594 states left on queue.
@!@!@ENDMSG 2200 @!@!@
@!@!@STARTMSG 2200:0 @!@!@
Progress(18) at 2023-06-08 22:24:10: 7,079,154 states generated (6,769,293 s/min), 769,655 distinct states found (716,429 ds/min), 179,666 states left on queue.
@!@!@ENDMSG 2200 @!@!@
@!@!@STARTMSG 2201:0 @!@!@
The coverage statistics at 2023-06-08 22:24:10
@!@!@ENDMSG 2201 @!@!@
@!@!@STARTMSG 2773:0 @!@!@
<PCInit line 98, col 1 to line 98, col 6 of module PaxosCommit>: 1:1
@!@!@ENDMSG 2773 @!@!@
@!@!@STARTMSG 2221:0 @!@!@
  line 99, col 3 to line 103, col 14 of module PaxosCommit: 1
@!@!@ENDMSG 2221 @!@!@
@!@!@STARTMSG 2772:0 @!@!@
<RMPrepare line 120, col 1 to line 120, col 12 of module PaxosCommit>: 4:89704
@!@!@ENDMSG 2772 @!@!@
@!@!@STARTMSG 2221:0 @!@!@
  line 125, col 6 to line 125, col 27 of module PaxosCommit: 1269762
@!@!@ENDMSG 2221 @!@!@
@!@!@STARTMSG 2221:0 @!@!@
  |line 125, col 6 to line 125, col 15 of module PaxosCommit: 1180058
@!@!@ENDMSG 2221 @!@!@
@!@!@STARTMSG 2221:0 @!@!@
  line 126, col 6 to line 126, col 50 of module PaxosCommit: 89704
@!@!@ENDMSG 2221 @!@!@
@!@!@STARTMSG 2221:0 @!@!@
  line 127, col 6 to line 127, col 73 of module PaxosCommit: 89704
@!@!@ENDMSG 2221 @!@!@
@!@!@STARTMSG 2221:0 @!@!@
  line 128, col 6 to line 128, col 21 of module PaxosCommit: 89704
@!@!@ENDMSG 2221 @!@!@
@!@!@STARTMSG 2772:0 @!@!@
<RMChooseToAbort line 130, col 1 to line 130, col 18 of module PaxosCommit>: 4:89704
@!@!@ENDMSG 2772 @!@!@
@!@!@STARTMSG 2221:0 @!@!@
  line 136, col 6 to line 136, col 27 of module PaxosCommit: 1269766
@!@!@ENDMSG 2221 @!@!@
@!@!@STARTMSG 2221:0 @!@!@
  |line 136, col 6 to line 136, col 15 of module PaxosCommit: 1180064
@!@!@ENDMSG 2221 @!@!@
@!@!@STARTMSG 2221:0 @!@!@
  line 137, col 6 to line 137, col 49 of module PaxosCommit: 89704
@!@!@ENDMSG 2221 @!@!@
@!@!@STARTMSG 2221:0 @!@!@
  line 138, col 6 to line 138, col 72 of module PaxosCommit: 89704
@!@!@ENDMSG 2221 @!@!@
@!@!@STARTMSG 2221:0 @!@!@
  line 139, col 6 to line 139, col 21 of module PaxosCommit: 89704
@!@!@ENDMSG 2221 @!@!@
@!@!@STARTMSG 2772:0 @!@!@
<RMRcvCommitMsg line 141, col 1 to line 141, col 17 of module PaxosCommit>: 10421:61838
@!@!@ENDMSG 2772 @!@!@
@!@!@STARTMSG 2221:0 @!@!@
  line 148, col 6 to line 148, col 33 of module PaxosCommit: 1241906
@!@!@ENDMSG 2221 @!@!@
@!@!@STARTMSG 2221:0 @!@!@
  |line 148, col 6 to line 148, col 24 of module PaxosCommit: 1180070
@!@!@ENDMSG 2221 @!@!@
@!@!@STARTMSG 2221:0 @!@!@
  |line 148, col 30 to line 148, col 33 of module PaxosCommit: 1180070
@!@!@ENDMSG 2221 @!@!@
@!@!@STARTMSG 2221:0 @!@!@
  line 149, col 6 to line 149, col 51 of module PaxosCommit: 61838
@!@!@ENDMSG 2221 @!@!@
@!@!@STARTMSG 2221:0 @!@!@
  line 150, col 6 to line 150, col 31 of module PaxosCommit: 61838
@!@!@ENDMSG 2221 @!@!@
@!@!@STARTMSG 2772:0 @!@!@
<RMRcvAbortMsg line 152, col 1 to line 152, col 16 of module PaxosCommit>: 46226:447112
@!@!@ENDMSG 2772 @!@!@
@!@!@STARTMSG 2221:0 @!@!@
  line 157, col 6 to line 157, col 32 of module PaxosCommit: 1627186
@!@!@ENDMSG 2221 @!@!@
@!@!@STARTMSG 2221:0 @!@!@
  |line 157, col 6 to line 157, col 23 of module PaxosCommit: 1180074
@!@!@ENDMSG 2221 @!@!@
@!@!@STARTMSG 2221:0 @!@!@
  |line 157, col 29 to line 157, col 32 of module PaxosCommit: 1180076
@!@!@ENDMSG 2221 @!@!@
@!@!@STARTMSG 2221:0 @!@!@
  line 158, col 6 to line 158, col 49 of module PaxosCommit: 447114
@!@!@ENDMSG 2221 @!@!@
@!@!@STARTMSG 2221:0 @!@!@
  line 159, col 6 to line 159, col 31 of module PaxosCommit: 447112
@!@!@ENDMSG 2221 @!@!@
@!@!@STARTMSG 2772:0 @!@!@
<Phase1a line 171, col 1 to line 171, col 15 of module PaxosCommit>: 27:1180078
@!@!@ENDMSG 2772 @!@!@
@!@!@STARTMSG 2221:0 @!@!@
  line 110, col 12 to line 110, col 32 of module PaxosCommit: 1180080
@!@!@ENDMSG 2221 @!@!@
@!@!@STARTMSG 2221:0 @!@!@
  |line 110, col 20 to line 110, col 32 of module PaxosCommit: 1180080
@!@!@ENDMSG 2221 @!@!@
@!@!@STARTMSG 2221:0 @!@!@
  ||line 110, col 20 to line 110, col 23 of module PaxosCommit: 1180082
@!@!@ENDMSG 2221 @!@!@
@!@!@STARTMSG 2775:0 @!@!@
  ||line 110, col 30 to line 110, col 32 of module PaxosCommit: 1180082:2360220
@!@!@ENDMSG 2775 @!@!@
@!@!@STARTMSG 2221:0 @!@!@
  |||line 110, col 31 to line 110, col 31 of module PaxosCommit: 1180084
@!@!@ENDMSG 2221 @!@!@
@!@!@STARTMSG 2221:0 @!@!@
  line 178, col 11 to line 178, col 54 of module PaxosCommit: 1180084
@!@!@ENDMSG 2221 @!@!@
@!@!@STARTMSG 2221:0 @!@!@
  |line 178, col 32 to line 178, col 40 of module PaxosCommit: 1180079
@!@!@ENDMSG 2221 @!@!@
@!@!@STARTMSG 2221:0 @!@!@
  |line 178, col 43 to line 178, col 53 of module PaxosCommit: 1180080
@!@!@ENDMSG 2221 @!@!@
@!@!@STARTMSG 2221:0 @!@!@
  line 179, col 6 to line 179, col 34 of module PaxosCommit: 1180080
@!@!@ENDMSG 2221 @!@!@
@!@!@STARTMSG 2772:0 @!@!@
<Phase2a line 181, col 1 to line 181, col 15 of module PaxosCommit>: 39071:231365
@!@!@ENDMSG 2772 @!@!@
@!@!@STARTMSG 2221:0 @!@!@
  line 198, col 6 to line 200, col 34 of module PaxosCommit: 1342765
@!@!@ENDMSG 2221 @!@!@
@!@!@STARTMSG 2221:0 @!@!@
  |line 198, col 7 to line 200, col 34 of module PaxosCommit: 1180098
@!@!@ENDMSG 2221 @!@!@
@!@!@STARTMSG 2221:0 @!@!@
  ||line 198, col 23 to line 200, col 34 of module PaxosCommit: 8932090
@!@!@ENDMSG 2221 @!@!@
@!@!@STARTMSG 2221:0 @!@!@
  |||line 198, col 26 to line 198, col 43 of module PaxosCommit: 8932090
@!@!@ENDMSG 2221 @!@!@
@!@!@STARTMSG 2221:0 @!@!@
  |||line 199, col 26 to line 199, col 36 of module PaxosCommit: 3102134
@!@!@ENDMSG 2221 @!@!@
@!@!@STARTMSG 2221:0 @!@!@
  |||line 200, col 26 to line 200, col 34 of module PaxosCommit: 1308746
@!@!@ENDMSG 2221 @!@!@
@!@!@STARTMSG 2221:0 @!@!@
  ||line 198, col 16 to line 198, col 19 of module PaxosCommit: 1180104
@!@!@ENDMSG 2221 @!@!@
@!@!@STARTMSG 2221:0 @!@!@
  line 210, col 47 to line 210, col 56 of module PaxosCommit: 2216287
@!@!@ENDMSG 2221 @!@!@
@!@!@STARTMSG 2221:0 @!@!@
  |line 210, col 47 to line 210, col 51 of module PaxosCommit: 1753566
@!@!@ENDMSG 2221 @!@!@
@!@!@STARTMSG 2221:0 @!@!@
  |line 210, col 55 to line 210, col 56 of module PaxosCommit: 1753566
@!@!@ENDMSG 2221 @!@!@
@!@!@STARTMSG 2221:0 @!@!@
  line 210, col 40 to line 210, col 43 of module PaxosCommit: 1760081
@!@!@ENDMSG 2221 @!@!@
@!@!@STARTMSG 2775:0 @!@!@
  |line 202, col 21 to line 205, col 51 of module PaxosCommit: 1760083:3513656
@!@!@ENDMSG 2775 @!@!@
@!@!@STARTMSG 2221:0 @!@!@
  ||line 202, col 35 to line 205, col 50 of module PaxosCommit: 22023672
@!@!@ENDMSG 2221 @!@!@
@!@!@STARTMSG 2221:0 @!@!@
  |||line 202, col 38 to line 202, col 55 of module PaxosCommit: 22023672
@!@!@ENDMSG 2221 @!@!@
@!@!@STARTMSG 2221:0 @!@!@
  |||line 203, col 38 to line 203, col 47 of module PaxosCommit: 6100083
@!@!@ENDMSG 2221 @!@!@
@!@!@STARTMSG 2221:0 @!@!@
  |||line 204, col 38 to line 204, col 49 of module PaxosCommit: 2492494
@!@!@ENDMSG 2221 @!@!@
@!@!@STARTMSG 2221:0 @!@!@
  |||line 205, col 38 to line 205, col 50 of module PaxosCommit: 2492494
@!@!@ENDMSG 2221 @!@!@
@!@!@STARTMSG 2221:0 @!@!@
  ||line 202, col 28 to line 202, col 31 of module PaxosCommit: 1760091
@!@!@ENDMSG 2221 @!@!@
@!@!@STARTMSG 2221:0 @!@!@
  line 210, col 26 to line 210, col 27 of module PaxosCommit: 1252449
@!@!@ENDMSG 2221 @!@!@
@!@!@STARTMSG 2221:0 @!@!@
  line 110, col 12 to line 110, col 32 of module PaxosCommit: 231373
@!@!@ENDMSG 2221 @!@!@
@!@!@STARTMSG 2221:0 @!@!@
  line 211, col 21 to line 211, col 77 of module PaxosCommit: 231373
@!@!@ENDMSG 2221 @!@!@
@!@!@STARTMSG 2221:0 @!@!@
  |line 211, col 42 to line 211, col 50 of module PaxosCommit: 231365
@!@!@ENDMSG 2221 @!@!@
@!@!@STARTMSG 2221:0 @!@!@
  |line 211, col 53 to line 211, col 63 of module PaxosCommit: 231365
@!@!@ENDMSG 2221 @!@!@
@!@!@STARTMSG 2221:0 @!@!@
  |line 211, col 74 to line 211, col 76 of module PaxosCommit: 231375
@!@!@ENDMSG 2221 @!@!@
@!@!@STARTMSG 2221:0 @!@!@
  ||line 207, col 20 to line 209, col 66 of module PaxosCommit: 231376
@!@!@ENDMSG 2221 @!@!@
@!@!@STARTMSG 2221:0 @!@!@
  |||line 207, col 23 to line 207, col 33 of module PaxosCommit: 231376
@!@!@ENDMSG 2221 @!@!@
@!@!@STARTMSG 2221:0 @!@!@
  ||||line 207, col 23 to line 207, col 28 of module PaxosCommit: 231376
@!@!@ENDMSG 2221 @!@!@
@!@!@STARTMSG 2221:0 @!@!@
  |||||line 206, col 23 to line 206, col 51 of module PaxosCommit: 231377
@!@!@ENDMSG 2221 @!@!@
@!@!@STARTMSG 2221:0 @!@!@
  ||||||line 37, col 3 to line 38, col 55 of module PaxosCommit: 231377
@!@!@ENDMSG 2221 @!@!@
@!@!@STARTMSG 2221:0 @!@!@
  |||||||line 37, col 6 to line 37, col 11 of module PaxosCommit: 231377
@!@!@ENDMSG 2221 @!@!@
@!@!@STARTMSG 2221:0 @!@!@
  |||||||line 38, col 18 to line 38, col 55 of module PaxosCommit: 231377
@!@!@ENDMSG 2221 @!@!@
@!@!@STARTMSG 2221:0 @!@!@
  ||||||||line 38, col 35 to line 38, col 55 of module PaxosCommit: 342163
@!@!@ENDMSG 2221 @!@!@
@!@!@STARTMSG 2221:0 @!@!@
  |||||||||line 38, col 48 to line 38, col 55 of module PaxosCommit: 563734
@!@!@ENDMSG 2221 @!@!@
@!@!@STARTMSG 2221:0 @!@!@
  |||||||||line 38, col 44 to line 38, col 44 of module PaxosCommit: 342166
@!@!@ENDMSG 2221 @!@!@
@!@!@STARTMSG 2221:0 @!@!@
  ||||||||line 38, col 31 to line 38, col 31 of module PaxosCommit: 231381
@!@!@ENDMSG 2221 @!@!@
@!@!@STARTMSG 2775:0 @!@!@
  ||||||line 206, col 31 to line 206, col 50 of module PaxosCommit: 231382:1248081
@!@!@ENDMSG 2775 @!@!@
@!@!@STARTMSG 2221:0 @!@!@
  |||||||line 206, col 32 to line 206, col 36 of module PaxosCommit: 462766
@!@!@ENDMSG 2221 @!@!@
@!@!@STARTMSG 2221:0 @!@!@
  |||||||line 206, col 46 to line 206, col 49 of module PaxosCommit: 231383
@!@!@ENDMSG 2221 @!@!@
@!@!@STARTMSG 2775:0 @!@!@
  ||||||||line 202, col 21 to line 205, col 51 of module PaxosCommit: 231383:694149
@!@!@ENDMSG 2775 @!@!@
@!@!@STARTMSG 2221:0 @!@!@
  |||||||||line 202, col 35 to line 205, col 50 of module PaxosCommit: 3056893
@!@!@ENDMSG 2221 @!@!@
@!@!@STARTMSG 2221:0 @!@!@
  ||||||||||line 202, col 38 to line 202, col 55 of module PaxosCommit: 3056893
@!@!@ENDMSG 2221 @!@!@
@!@!@STARTMSG 2221:0 @!@!@
  ||||||||||line 203, col 38 to line 203, col 47 of module PaxosCommit: 1028461
@!@!@ENDMSG 2221 @!@!@
@!@!@STARTMSG 2221:0 @!@!@
  ||||||||||line 204, col 38 to line 204, col 49 of module PaxosCommit: 565825
@!@!@ENDMSG 2221 @!@!@
@!@!@STARTMSG 2221:0 @!@!@
  ||||||||||line 205, col 38 to line 205, col 50 of module PaxosCommit: 565825
@!@!@ENDMSG 2221 @!@!@
@!@!@STARTMSG 2221:0 @!@!@
  |||||||||line 202, col 28 to line 202, col 31 of module PaxosCommit: 231383
@!@!@ENDMSG 2221 @!@!@
@!@!@STARTMSG 2221:0 @!@!@
  ||||line 207, col 32 to line 207, col 33 of module PaxosCommit: 231383
@!@!@ENDMSG 2221 @!@!@
@!@!@STARTMSG 2221:0 @!@!@
  |||line 209, col 27 to line 209, col 66 of module PaxosCommit: 161489
@!@!@ENDMSG 2221 @!@!@
@!@!@STARTMSG 2221:0 @!@!@
  ||||line 209, col 28 to line 209, col 61 of module PaxosCommit: 161489
@!@!@ENDMSG 2221 @!@!@
@!@!@STARTMSG 2221:0 @!@!@
  |||||line 209, col 48 to line 209, col 61 of module PaxosCommit: 272277
@!@!@ENDMSG 2221 @!@!@
@!@!@STARTMSG 2221:0 @!@!@
  ||||||line 209, col 48 to line 209, col 52 of module PaxosCommit: 272277
@!@!@ENDMSG 2221 @!@!@
@!@!@STARTMSG 2221:0 @!@!@
  ||||||line 209, col 56 to line 209, col 61 of module PaxosCommit: 272277
@!@!@ENDMSG 2221 @!@!@
@!@!@STARTMSG 2221:0 @!@!@
  |||||||line 206, col 23 to line 206, col 51 of module PaxosCommit: 272277
@!@!@ENDMSG 2221 @!@!@
@!@!@STARTMSG 2221:0 @!@!@
  ||||||||line 37, col 3 to line 38, col 55 of module PaxosCommit: 272277
@!@!@ENDMSG 2221 @!@!@
@!@!@STARTMSG 2221:0 @!@!@
  |||||||||line 37, col 6 to line 37, col 11 of module PaxosCommit: 272277
@!@!@ENDMSG 2221 @!@!@
@!@!@STARTMSG 2221:0 @!@!@
  |||||||||line 38, col 18 to line 38, col 55 of module PaxosCommit: 272277
@!@!@ENDMSG 2221 @!@!@
@!@!@STARTMSG 2221:0 @!@!@
  ||||||||||line 38, col 35 to line 38, col 55 of module PaxosCommit: 493853
@!@!@ENDMSG 2221 @!@!@
@!@!@STARTMSG 2221:0 @!@!@
  |||||||||||line 38, col 48 to line 38, col 55 of module PaxosCommit: 937005
@!@!@ENDMSG 2221 @!@!@
@!@!@STARTMSG 2221:0 @!@!@
  |||||||||||line 38, col 44 to line 38, col 44 of module PaxosCommit: 493853
@!@!@ENDMSG 2221 @!@!@
@!@!@STARTMSG 2221:0 @!@!@
  ||||||||||line 38, col 31 to line 38, col 31 of module PaxosCommit: 272277
@!@!@ENDMSG 2221 @!@!@
@!@!@STARTMSG 2775:0 @!@!@
  ||||||||line 206, col 31 to line 206, col 50 of module PaxosCommit: 272277:1924711
@!@!@ENDMSG 2775 @!@!@
@!@!@STARTMSG 2221:0 @!@!@
  |||||||||line 206, col 32 to line 206, col 36 of module PaxosCommit: 544554
@!@!@ENDMSG 2221 @!@!@
@!@!@STARTMSG 2221:0 @!@!@
  |||||||||line 206, col 46 to line 206, col 49 of module PaxosCommit: 272277
@!@!@ENDMSG 2221 @!@!@
@!@!@STARTMSG 2775:0 @!@!@
  ||||||||||line 202, col 21 to line 205, col 51 of module PaxosCommit: 272277:816831
@!@!@ENDMSG 2775 @!@!@
@!@!@STARTMSG 2221:0 @!@!@
  |||||||||||line 202, col 35 to line 205, col 50 of module PaxosCommit: 3670680
@!@!@ENDMSG 2221 @!@!@
@!@!@STARTMSG 2221:0 @!@!@
  ||||||||||||line 202, col 38 to line 202, col 55 of module PaxosCommit: 3670680
@!@!@ENDMSG 2221 @!@!@
@!@!@STARTMSG 2221:0 @!@!@
  ||||||||||||line 203, col 38 to line 203, col 47 of module PaxosCommit: 1200379
@!@!@ENDMSG 2221 @!@!@
@!@!@STARTMSG 2221:0 @!@!@
  ||||||||||||line 204, col 38 to line 204, col 49 of module PaxosCommit: 662944
@!@!@ENDMSG 2221 @!@!@
@!@!@STARTMSG 2221:0 @!@!@
  ||||||||||||line 205, col 38 to line 205, col 50 of module PaxosCommit: 662944
@!@!@ENDMSG 2221 @!@!@
@!@!@STARTMSG 2221:0 @!@!@
  |||||||||||line 202, col 28 to line 202, col 31 of module PaxosCommit: 272277
@!@!@ENDMSG 2221 @!@!@
@!@!@STARTMSG 2221:0 @!@!@
  |||||line 209, col 41 to line 209, col 44 of module PaxosCommit: 161489
@!@!@ENDMSG 2221 @!@!@
@!@!@STARTMSG 2775:0 @!@!@
  ||||||line 202, col 21 to line 205, col 51 of module PaxosCommit: 161489:272277
@!@!@ENDMSG 2775 @!@!@
@!@!@STARTMSG 2221:0 @!@!@
  |||||||line 202, col 35 to line 205, col 50 of module PaxosCommit: 2184349
@!@!@ENDMSG 2221 @!@!@
@!@!@STARTMSG 2221:0 @!@!@
  ||||||||line 202, col 38 to line 202, col 55 of module PaxosCommit: 2184349
@!@!@ENDMSG 2221 @!@!@
@!@!@STARTMSG 2221:0 @!@!@
  ||||||||line 203, col 38 to line 203, col 47 of module PaxosCommit: 708988
@!@!@ENDMSG 2221 @!@!@
@!@!@STARTMSG 2221:0 @!@!@
  ||||||||line 204, col 38 to line 204, col 49 of module PaxosCommit: 392624
@!@!@ENDMSG 2221 @!@!@
@!@!@STARTMSG 2221:0 @!@!@
  ||||||||line 205, col 38 to line 205, col 50 of module PaxosCommit: 392624
@!@!@ENDMSG 2221 @!@!@
@!@!@STARTMSG 2221:0 @!@!@
  |||||||line 202, col 28 to line 202, col 31 of module PaxosCommit: 161489
@!@!@ENDMSG 2221 @!@!@
@!@!@STARTMSG 2221:0 @!@!@
  line 201, col 16 to line 201, col 23 of module PaxosCommit: 417488
@!@!@ENDMSG 2221 @!@!@
@!@!@STARTMSG 2221:0 @!@!@
  line 212, col 6 to line 212, col 34 of module PaxosCommit: 231365
@!@!@ENDMSG 2221 @!@!@
@!@!@STARTMSG 2772:0 @!@!@
<PCDecide line 214, col 1 to line 214, col 8 of module PaxosCommit>: 49384:784902
@!@!@ENDMSG 2772 @!@!@
@!@!@STARTMSG 2221:0 @!@!@
  line 226, col 29 to line 227, col 73 of module PaxosCommit: 6026139
@!@!@ENDMSG 2221 @!@!@
@!@!@STARTMSG 2221:0 @!@!@
  |line 226, col 29 to line 227, col 64 of module PaxosCommit: 5675661
@!@!@ENDMSG 2221 @!@!@
@!@!@STARTMSG 2221:0 @!@!@
  |line 227, col 70 to line 227, col 73 of module PaxosCommit: 5675661
@!@!@ENDMSG 2221 @!@!@
@!@!@STARTMSG 2221:0 @!@!@
  line 226, col 24 to line 226, col 25 of module PaxosCommit: 4909830
@!@!@ENDMSG 2221 @!@!@
@!@!@STARTMSG 2221:0 @!@!@
  line 225, col 21 to line 225, col 26 of module PaxosCommit: 818305
@!@!@ENDMSG 2221 @!@!@
@!@!@STARTMSG 2221:0 @!@!@
  line 225, col 36 to line 225, col 43 of module PaxosCommit: 818305
@!@!@ENDMSG 2221 @!@!@
@!@!@STARTMSG 2221:0 @!@!@
  line 228, col 38 to line 228, col 38 of module PaxosCommit: 818305
@!@!@ENDMSG 2221 @!@!@
@!@!@STARTMSG 2221:0 @!@!@
  line 228, col 25 to line 228, col 26 of module PaxosCommit: 590074
@!@!@ENDMSG 2221 @!@!@
@!@!@STARTMSG 2221:0 @!@!@
  line 229, col 16 to line 229, col 40 of module PaxosCommit: 104103
@!@!@ENDMSG 2221 @!@!@
@!@!@STARTMSG 2221:0 @!@!@
  line 226, col 29 to line 227, col 73 of module PaxosCommit: 9895349
@!@!@ENDMSG 2221 @!@!@
@!@!@STARTMSG 2221:0 @!@!@
  |line 226, col 29 to line 227, col 64 of module PaxosCommit: 8533751
@!@!@ENDMSG 2221 @!@!@
@!@!@STARTMSG 2221:0 @!@!@
  |line 227, col 70 to line 227, col 73 of module PaxosCommit: 8533751
@!@!@ENDMSG 2221 @!@!@
@!@!@STARTMSG 2221:0 @!@!@
  line 226, col 24 to line 226, col 25 of module PaxosCommit: 7080888
@!@!@ENDMSG 2221 @!@!@
@!@!@STARTMSG 2221:0 @!@!@
  line 225, col 21 to line 225, col 26 of module PaxosCommit: 1180148
@!@!@ENDMSG 2221 @!@!@
@!@!@STARTMSG 2221:0 @!@!@
  line 225, col 36 to line 225, col 43 of module PaxosCommit: 1180148
@!@!@ENDMSG 2221 @!@!@
@!@!@STARTMSG 2221:0 @!@!@
  line 230, col 38 to line 230, col 38 of module PaxosCommit: 1180148
@!@!@ENDMSG 2221 @!@!@
@!@!@STARTMSG 2221:0 @!@!@
  line 230, col 25 to line 230, col 26 of module PaxosCommit: 590074
@!@!@ENDMSG 2221 @!@!@
@!@!@STARTMSG 2221:0 @!@!@
  line 231, col 16 to line 231, col 39 of module PaxosCommit: 680799
@!@!@ENDMSG 2221 @!@!@
@!@!@STARTMSG 2221:0 @!@!@
  line 232, col 6 to line 232, col 34 of module PaxosCommit: 784902
@!@!@ENDMSG 2221 @!@!@
@!@!@STARTMSG 2772:0 @!@!@
<Phase1b line 239, col 1 to line 239, col 12 of module PaxosCommit>: 132180:909996
@!@!@ENDMSG 2772 @!@!@
@!@!@STARTMSG 2221:0 @!@!@
  line 241, col 8 to line 241, col 25 of module PaxosCommit: 24528294
@!@!@ENDMSG 2221 @!@!@
@!@!@STARTMSG 2221:0 @!@!@
  |line 241, col 8 to line 241, col 13 of module PaxosCommit: 23618298
@!@!@ENDMSG 2221 @!@!@
@!@!@STARTMSG 2221:0 @!@!@
  line 242, col 8 to line 242, col 38 of module PaxosCommit: 909996
@!@!@ENDMSG 2221 @!@!@
@!@!@STARTMSG 2221:0 @!@!@
  |line 242, col 8 to line 242, col 30 of module PaxosCommit: 3377411
@!@!@ENDMSG 2221 @!@!@
@!@!@STARTMSG 2221:0 @!@!@
  ||line 242, col 8 to line 242, col 25 of module PaxosCommit: 3377411
@!@!@ENDMSG 2221 @!@!@
@!@!@STARTMSG 2221:0 @!@!@
  |||line 242, col 8 to line 242, col 20 of module PaxosCommit: 3377411
@!@!@ENDMSG 2221 @!@!@
@!@!@STARTMSG 2221:0 @!@!@
  ||||line 242, col 8 to line 242, col 13 of module PaxosCommit: 3377411
@!@!@ENDMSG 2221 @!@!@
@!@!@STARTMSG 2221:0 @!@!@
  ||||line 242, col 15 to line 242, col 19 of module PaxosCommit: 3377411
@!@!@ENDMSG 2221 @!@!@
@!@!@STARTMSG 2221:0 @!@!@
  |||line 242, col 22 to line 242, col 24 of module PaxosCommit: 3377411
@!@!@ENDMSG 2221 @!@!@
@!@!@STARTMSG 2221:0 @!@!@
  |line 242, col 34 to line 242, col 38 of module PaxosCommit: 3377411
@!@!@ENDMSG 2221 @!@!@
@!@!@STARTMSG 2221:0 @!@!@
  line 243, col 8 to line 243, col 59 of module PaxosCommit: 909997
@!@!@ENDMSG 2221 @!@!@
@!@!@STARTMSG 2221:0 @!@!@
  line 244, col 8 to line 249, col 27 of module PaxosCommit: 909996
@!@!@ENDMSG 2221 @!@!@
@!@!@STARTMSG 2221:0 @!@!@
  line 250, col 8 to line 250, col 24 of module PaxosCommit: 909996
@!@!@ENDMSG 2221 @!@!@
@!@!@STARTMSG 2221:0 @!@!@
  line 240, col 12 to line 240, col 15 of module PaxosCommit: 1770222
@!@!@ENDMSG 2221 @!@!@
@!@!@STARTMSG 2772:0 @!@!@
<Phase2b line 252, col 1 to line 252, col 12 of module PaxosCommit>: 492406:3285184
@!@!@ENDMSG 2772 @!@!@
@!@!@STARTMSG 2221:0 @!@!@
  line 254, col 11 to line 254, col 28 of module PaxosCommit: 26903501
@!@!@ENDMSG 2221 @!@!@
@!@!@STARTMSG 2221:0 @!@!@
  |line 254, col 11 to line 254, col 16 of module PaxosCommit: 23618319
@!@!@ENDMSG 2221 @!@!@
@!@!@STARTMSG 2221:0 @!@!@
  line 255, col 11 to line 255, col 44 of module PaxosCommit: 3285188
@!@!@ENDMSG 2221 @!@!@
@!@!@STARTMSG 2221:0 @!@!@
  |line 255, col 11 to line 255, col 33 of module PaxosCommit: 5481323
@!@!@ENDMSG 2221 @!@!@
@!@!@STARTMSG 2221:0 @!@!@
  |line 255, col 40 to line 255, col 44 of module PaxosCommit: 5481323
@!@!@ENDMSG 2221 @!@!@
@!@!@STARTMSG 2221:0 @!@!@
  line 256, col 11 to line 258, col 62 of module PaxosCommit: 3285188
@!@!@ENDMSG 2221 @!@!@
@!@!@STARTMSG 2221:0 @!@!@
  |line 256, col 21 to line 258, col 62 of module PaxosCommit: 3285190
@!@!@ENDMSG 2221 @!@!@
@!@!@STARTMSG 2221:0 @!@!@
  line 110, col 12 to line 110, col 32 of module PaxosCommit: 3285189
@!@!@ENDMSG 2221 @!@!@
@!@!@STARTMSG 2221:0 @!@!@
  |line 110, col 20 to line 110, col 32 of module PaxosCommit: 3285190
@!@!@ENDMSG 2221 @!@!@
@!@!@STARTMSG 2221:0 @!@!@
  line 259, col 16 to line 260, col 45 of module PaxosCommit: 3285190
@!@!@ENDMSG 2221 @!@!@
@!@!@STARTMSG 2221:0 @!@!@
  line 253, col 15 to line 253, col 18 of module PaxosCommit: 1770225
@!@!@ENDMSG 2221 @!@!@
@!@!@STARTMSG 2221:0 @!@!@
  line 261, col 6 to line 261, col 22 of module PaxosCommit: 3285184
@!@!@ENDMSG 2221 @!@!@
@!@!@STARTMSG 2774:0 @!@!@
<PCTypeOK line 86, col 1 to line 86, col 8 of module PaxosCommit>
@!@!@ENDMSG 2774 @!@!@
@!@!@STARTMSG 2221:0 @!@!@
  line 92, col 3 to line 96, col 28 of module PaxosCommit: 769733
@!@!@ENDMSG 2221 @!@!@
@!@!@STARTMSG 2202:0 @!@!@
End of statistics.
@!@!@ENDMSG 2202 @!@!@
@!@!@STARTMSG 2200:0 @!@!@
Progress(21) at 2023-06-08 22:25:10: 13,807,615 states generated (6,728,461 s/min), 1,218,424 distinct states found (448,769 ds/min), 110,517 states left on queue.
@!@!@ENDMSG 2200 @!@!@
@!@!@STARTMSG 2193:0 @!@!@
Model checking completed. No error has been found.
  Estimates of the probability that TLC did not check all reachable states
  because two distinct states had the same fingerprint:
  calculated (optimistic):  val = 1.1E-6
  based on the actual fingerprints:  val = 5.3E-8
@!@!@ENDMSG 2193 @!@!@
@!@!@STARTMSG 2201:0 @!@!@
The coverage statistics at 2023-06-08 22:25:39
@!@!@ENDMSG 2201 @!@!@
@!@!@STARTMSG 2773:0 @!@!@
<PCInit line 98, col 1 to line 98, col 6 of module PaxosCommit>: 1:1
@!@!@ENDMSG 2773 @!@!@
@!@!@STARTMSG 2221:0 @!@!@
  line 99, col 3 to line 103, col 14 of module PaxosCommit: 1
@!@!@ENDMSG 2221 @!@!@
@!@!@STARTMSG 2772:0 @!@!@
<RMPrepare line 120, col 1 to line 120, col 12 of module PaxosCommit>: 4:111770
@!@!@ENDMSG 2772 @!@!@
@!@!@STARTMSG 2221:0 @!@!@
  line 125, col 6 to line 125, col 27 of module PaxosCommit: 2755292
@!@!@ENDMSG 2221 @!@!@
@!@!@STARTMSG 2221:0 @!@!@
  |line 125, col 6 to line 125, col 15 of module PaxosCommit: 2643522
@!@!@ENDMSG 2221 @!@!@
@!@!@STARTMSG 2221:0 @!@!@
  line 126, col 6 to line 126, col 50 of module PaxosCommit: 111770
@!@!@ENDMSG 2221 @!@!@
@!@!@STARTMSG 2221:0 @!@!@
  line 127, col 6 to line 127, col 73 of module PaxosCommit: 111770
@!@!@ENDMSG 2221 @!@!@
@!@!@STARTMSG 2221:0 @!@!@
  line 128, col 6 to line 128, col 21 of module PaxosCommit: 111770
@!@!@ENDMSG 2221 @!@!@
@!@!@STARTMSG 2772:0 @!@!@
<RMChooseToAbort line 130, col 1 to line 130, col 18 of module PaxosCommit>: 4:111770
@!@!@ENDMSG 2772 @!@!@
@!@!@STARTMSG 2221:0 @!@!@
  line 136, col 6 to line 136, col 27 of module PaxosCommit: 2755292
@!@!@ENDMSG 2221 @!@!@
@!@!@STARTMSG 2221:0 @!@!@
  |line 136, col 6 to line 136, col 15 of module PaxosCommit: 2643522
@!@!@ENDMSG 2221 @!@!@
@!@!@STARTMSG 2221:0 @!@!@
  line 137, col 6 to line 137, col 49 of module PaxosCommit: 111770
@!@!@ENDMSG 2221 @!@!@
@!@!@STARTMSG 2221:0 @!@!@
  line 138, col 6 to line 138, col 72 of module PaxosCommit: 111770
@!@!@ENDMSG 2221 @!@!@
@!@!@STARTMSG 2221:0 @!@!@
  line 139, col 6 to line 139, col 21 of module PaxosCommit: 111770
@!@!@ENDMSG 2221 @!@!@
@!@!@STARTMSG 2772:0 @!@!@
<RMRcvCommitMsg line 141, col 1 to line 141, col 17 of module PaxosCommit>: 26058:320000
@!@!@ENDMSG 2772 @!@!@
@!@!@STARTMSG 2221:0 @!@!@
  line 148, col 6 to line 148, col 33 of module PaxosCommit: 2963522
@!@!@ENDMSG 2221 @!@!@
@!@!@STARTMSG 2221:0 @!@!@
  |line 148, col 6 to line 148, col 24 of module PaxosCommit: 2643522
@!@!@ENDMSG 2221 @!@!@
@!@!@STARTMSG 2221:0 @!@!@
  |line 148, col 30 to line 148, col 33 of module PaxosCommit: 2643522
@!@!@ENDMSG 2221 @!@!@
@!@!@STARTMSG 2221:0 @!@!@
  line 149, col 6 to line 149, col 51 of module PaxosCommit: 320000
@!@!@ENDMSG 2221 @!@!@
@!@!@STARTMSG 2221:0 @!@!@
  line 150, col 6 to line 150, col 31 of module PaxosCommit: 320000
@!@!@ENDMSG 2221 @!@!@
@!@!@STARTMSG 2772:0 @!@!@
<RMRcvAbortMsg line 152, col 1 to line 152, col 16 of module PaxosCommit>: 72396:1283840
@!@!@ENDMSG 2772 @!@!@
@!@!@STARTMSG 2221:0 @!@!@
  line 157, col 6 to line 157, col 32 of module PaxosCommit: 3927362
@!@!@ENDMSG 2221 @!@!@
@!@!@STARTMSG 2221:0 @!@!@
  |line 157, col 6 to line 157, col 23 of module PaxosCommit: 2643522
@!@!@ENDMSG 2221 @!@!@
@!@!@STARTMSG 2221:0 @!@!@
  |line 157, col 29 to line 157, col 32 of module PaxosCommit: 2643522
@!@!@ENDMSG 2221 @!@!@
@!@!@STARTMSG 2221:0 @!@!@
  line 158, col 6 to line 158, col 49 of module PaxosCommit: 1283840
@!@!@ENDMSG 2221 @!@!@
@!@!@STARTMSG 2221:0 @!@!@
  line 159, col 6 to line 159, col 31 of module PaxosCommit: 1283840
@!@!@ENDMSG 2221 @!@!@
@!@!@STARTMSG 2772:0 @!@!@
<Phase1a line 171, col 1 to line 171, col 15 of module PaxosCommit>: 27:2643522
@!@!@ENDMSG 2772 @!@!@
@!@!@STARTMSG 2221:0 @!@!@
  line 178, col 6 to line 178, col 55 of module PaxosCommit: 2643522
@!@!@ENDMSG 2221 @!@!@
@!@!@STARTMSG 2221:0 @!@!@
  line 179, col 6 to line 179, col 34 of module PaxosCommit: 2643522
@!@!@ENDMSG 2221 @!@!@
@!@!@STARTMSG 2772:0 @!@!@
<Phase2a line 181, col 1 to line 181, col 15 of module PaxosCommit>: 49592:328716
@!@!@ENDMSG 2772 @!@!@
@!@!@STARTMSG 2221:0 @!@!@
  line 198, col 6 to line 200, col 34 of module PaxosCommit: 2862666
@!@!@ENDMSG 2221 @!@!@
@!@!@STARTMSG 2221:0 @!@!@
  |line 198, col 7 to line 200, col 34 of module PaxosCommit: 2643522
@!@!@ENDMSG 2221 @!@!@
@!@!@STARTMSG 2221:0 @!@!@
  ||line 198, col 23 to line 200, col 34 of module PaxosCommit: 18031600
@!@!@ENDMSG 2221 @!@!@
@!@!@STARTMSG 2221:0 @!@!@
  |||line 198, col 26 to line 198, col 43 of module PaxosCommit: 18031600
@!@!@ENDMSG 2221 @!@!@
@!@!@STARTMSG 2221:0 @!@!@
  |||line 199, col 26 to line 199, col 36 of module PaxosCommit: 7377696
@!@!@ENDMSG 2221 @!@!@
@!@!@STARTMSG 2221:0 @!@!@
  |||line 200, col 26 to line 200, col 34 of module PaxosCommit: 3428064
@!@!@ENDMSG 2221 @!@!@
@!@!@STARTMSG 2221:0 @!@!@
  ||line 198, col 16 to line 198, col 19 of module PaxosCommit: 2643522
@!@!@ENDMSG 2221 @!@!@
@!@!@STARTMSG 2221:0 @!@!@
  line 210, col 47 to line 210, col 56 of module PaxosCommit: 2958444
@!@!@ENDMSG 2221 @!@!@
@!@!@STARTMSG 2221:0 @!@!@
  |line 210, col 47 to line 210, col 51 of module PaxosCommit: 2301012
@!@!@ENDMSG 2221 @!@!@
@!@!@STARTMSG 2221:0 @!@!@
  |line 210, col 55 to line 210, col 56 of module PaxosCommit: 2301012
@!@!@ENDMSG 2221 @!@!@
@!@!@STARTMSG 2221:0 @!@!@
  line 210, col 40 to line 210, col 43 of module PaxosCommit: 2136654
@!@!@ENDMSG 2221 @!@!@
@!@!@STARTMSG 2775:0 @!@!@
  |line 202, col 21 to line 205, col 51 of module PaxosCommit: 2136654:4437666
@!@!@ENDMSG 2775 @!@!@
@!@!@STARTMSG 2221:0 @!@!@
  ||line 202, col 35 to line 205, col 50 of module PaxosCommit: 28249800
@!@!@ENDMSG 2221 @!@!@
@!@!@STARTMSG 2221:0 @!@!@
  |||line 202, col 38 to line 202, col 55 of module PaxosCommit: 28249800
@!@!@ENDMSG 2221 @!@!@
@!@!@STARTMSG 2221:0 @!@!@
  |||line 203, col 38 to line 203, col 47 of module PaxosCommit: 7803360
@!@!@ENDMSG 2221 @!@!@
@!@!@STARTMSG 2221:0 @!@!@
  |||line 204, col 38 to line 204, col 49 of module PaxosCommit: 3287160
@!@!@ENDMSG 2221 @!@!@
@!@!@STARTMSG 2221:0 @!@!@
  |||line 205, col 38 to line 205, col 50 of module PaxosCommit: 3287160
@!@!@ENDMSG 2221 @!@!@
@!@!@STARTMSG 2221:0 @!@!@
  ||line 202, col 28 to line 202, col 31 of module PaxosCommit: 2136654
@!@!@ENDMSG 2221 @!@!@
@!@!@STARTMSG 2221:0 @!@!@
  line 210, col 26 to line 210, col 27 of module PaxosCommit: 1479222
@!@!@ENDMSG 2221 @!@!@
@!@!@STARTMSG 2221:0 @!@!@
  line 110, col 12 to line 110, col 32 of module PaxosCommit: 328716
@!@!@ENDMSG 2221 @!@!@
@!@!@STARTMSG 2221:0 @!@!@
  line 211, col 21 to line 211, col 77 of module PaxosCommit: 328716
@!@!@ENDMSG 2221 @!@!@
@!@!@STARTMSG 2221:0 @!@!@
  |line 211, col 42 to line 211, col 50 of module PaxosCommit: 328716
@!@!@ENDMSG 2221 @!@!@
@!@!@STARTMSG 2221:0 @!@!@
  |line 211, col 53 to line 211, col 63 of module PaxosCommit: 328716
@!@!@ENDMSG 2221 @!@!@
@!@!@STARTMSG 2221:0 @!@!@
  |line 211, col 74 to line 211, col 76 of module PaxosCommit: 328716
@!@!@ENDMSG 2221 @!@!@
@!@!@STARTMSG 2221:0 @!@!@
  ||line 207, col 20 to line 209, col 66 of module PaxosCommit: 328716
@!@!@ENDMSG 2221 @!@!@
@!@!@STARTMSG 2221:0 @!@!@
  |||line 207, col 23 to line 207, col 33 of module PaxosCommit: 328716
@!@!@ENDMSG 2221 @!@!@
@!@!@STARTMSG 2221:0 @!@!@
  ||||line 207, col 23 to line 207, col 28 of module PaxosCommit: 328716
@!@!@ENDMSG 2221 @!@!@
@!@!@STARTMSG 2221:0 @!@!@
  |||||line 206, col 23 to line 206, col 51 of module PaxosCommit: 328716
@!@!@ENDMSG 2221 @!@!@
@!@!@STARTMSG 2221:0 @!@!@
  ||||||line 37, col 3 to line 38, col 55 of module PaxosCommit: 328716
@!@!@ENDMSG 2221 @!@!@
@!@!@STARTMSG 2221:0 @!@!@
  |||||||line 37, col 6 to line 37, col 11 of module PaxosCommit: 328716
@!@!@ENDMSG 2221 @!@!@
@!@!@STARTMSG 2221:0 @!@!@
  |||||||line 38, col 18 to line 38, col 55 of module PaxosCommit: 328716
@!@!@ENDMSG 2221 @!@!@
@!@!@STARTMSG 2221:0 @!@!@
  ||||||||line 38, col 35 to line 38, col 55 of module PaxosCommit: 484668
@!@!@ENDMSG 2221 @!@!@
@!@!@STARTMSG 2221:0 @!@!@
  |||||||||line 38, col 48 to line 38, col 55 of module PaxosCommit: 796572
@!@!@ENDMSG 2221 @!@!@
@!@!@STARTMSG 2221:0 @!@!@
  |||||||||line 38, col 44 to line 38, col 44 of module PaxosCommit: 484668
@!@!@ENDMSG 2221 @!@!@
@!@!@STARTMSG 2221:0 @!@!@
  ||||||||line 38, col 31 to line 38, col 31 of module PaxosCommit: 328716
@!@!@ENDMSG 2221 @!@!@
@!@!@STARTMSG 2775:0 @!@!@
  ||||||line 206, col 31 to line 206, col 50 of module PaxosCommit: 328716:1765908
@!@!@ENDMSG 2775 @!@!@
@!@!@STARTMSG 2221:0 @!@!@
  |||||||line 206, col 32 to line 206, col 36 of module PaxosCommit: 657432
@!@!@ENDMSG 2221 @!@!@
@!@!@STARTMSG 2221:0 @!@!@
  |||||||line 206, col 46 to line 206, col 49 of module PaxosCommit: 328716
@!@!@ENDMSG 2221 @!@!@
@!@!@STARTMSG 2775:0 @!@!@
  ||||||||line 202, col 21 to line 205, col 51 of module PaxosCommit: 328716:986148
@!@!@ENDMSG 2775 @!@!@
@!@!@STARTMSG 2221:0 @!@!@
  |||||||||line 202, col 35 to line 205, col 50 of module PaxosCommit: 4687482
@!@!@ENDMSG 2221 @!@!@
@!@!@STARTMSG 2221:0 @!@!@
  ||||||||||line 202, col 38 to line 202, col 55 of module PaxosCommit: 4687482
@!@!@ENDMSG 2221 @!@!@
@!@!@STARTMSG 2221:0 @!@!@
  ||||||||||line 203, col 38 to line 203, col 47 of module PaxosCommit: 1516590
@!@!@ENDMSG 2221 @!@!@
@!@!@STARTMSG 2221:0 @!@!@
  ||||||||||line 204, col 38 to line 204, col 49 of module PaxosCommit: 821790
@!@!@ENDMSG 2221 @!@!@
@!@!@STARTMSG 2221:0 @!@!@
  ||||||||||line 205, col 38 to line 205, col 50 of module PaxosCommit: 821790
@!@!@ENDMSG 2221 @!@!@
@!@!@STARTMSG 2221:0 @!@!@
  |||||||||line 202, col 28 to line 202, col 31 of module PaxosCommit: 328716
@!@!@ENDMSG 2221 @!@!@
@!@!@STARTMSG 2221:0 @!@!@
  ||||line 207, col 32 to line 207, col 33 of module PaxosCommit: 328716
@!@!@ENDMSG 2221 @!@!@
@!@!@STARTMSG 2221:0 @!@!@
  |||line 209, col 27 to line 209, col 66 of module PaxosCommit: 252816
@!@!@ENDMSG 2221 @!@!@
@!@!@STARTMSG 2221:0 @!@!@
  ||||line 209, col 28 to line 209, col 61 of module PaxosCommit: 252816
@!@!@ENDMSG 2221 @!@!@
@!@!@STARTMSG 2221:0 @!@!@
  |||||line 209, col 48 to line 209, col 61 of module PaxosCommit: 408768
@!@!@ENDMSG 2221 @!@!@
@!@!@STARTMSG 2221:0 @!@!@
  ||||||line 209, col 48 to line 209, col 52 of module PaxosCommit: 408768
@!@!@ENDMSG 2221 @!@!@
@!@!@STARTMSG 2221:0 @!@!@
  ||||||line 209, col 56 to line 209, col 61 of module PaxosCommit: 408768
@!@!@ENDMSG 2221 @!@!@
@!@!@STARTMSG 2221:0 @!@!@
  |||||||line 206, col 23 to line 206, col 51 of module PaxosCommit: 408768
@!@!@ENDMSG 2221 @!@!@
@!@!@STARTMSG 2221:0 @!@!@
  ||||||||line 37, col 3 to line 38, col 55 of module PaxosCommit: 408768
@!@!@ENDMSG 2221 @!@!@
@!@!@STARTMSG 2221:0 @!@!@
  |||||||||line 37, col 6 to line 37, col 11 of module PaxosCommit: 408768
@!@!@ENDMSG 2221 @!@!@
@!@!@STARTMSG 2221:0 @!@!@
  |||||||||line 38, col 18 to line 38, col 55 of module PaxosCommit: 408768
@!@!@ENDMSG 2221 @!@!@
@!@!@STARTMSG 2221:0 @!@!@
  ||||||||||line 38, col 35 to line 38, col 55 of module PaxosCommit: 720672
@!@!@ENDMSG 2221 @!@!@
@!@!@STARTMSG 2221:0 @!@!@
  |||||||||||line 38, col 48 to line 38, col 55 of module PaxosCommit: 1344480
@!@!@ENDMSG 2221 @!@!@
@!@!@STARTMSG 2221:0 @!@!@
  |||||||||||line 38, col 44 to line 38, col 44 of module PaxosCommit: 720672
@!@!@ENDMSG 2221 @!@!@
@!@!@STARTMSG 2221:0 @!@!@
  ||||||||||line 38, col 31 to line 38, col 31 of module PaxosCommit: 408768
@!@!@ENDMSG 2221 @!@!@
@!@!@STARTMSG 2775:0 @!@!@
  ||||||||line 206, col 31 to line 206, col 50 of module PaxosCommit: 408768:2785824
@!@!@ENDMSG 2775 @!@!@
@!@!@STARTMSG 2221:0 @!@!@
  |||||||||line 206, col 32 to line 206, col 36 of module PaxosCommit: 817536
@!@!@ENDMSG 2221 @!@!@
@!@!@STARTMSG 2221:0 @!@!@
  |||||||||line 206, col 46 to line 206, col 49 of module PaxosCommit: 408768
@!@!@ENDMSG 2221 @!@!@
@!@!@STARTMSG 2775:0 @!@!@
  ||||||||||line 202, col 21 to line 205, col 51 of module PaxosCommit: 408768:1226304
@!@!@ENDMSG 2775 @!@!@
@!@!@STARTMSG 2221:0 @!@!@
  |||||||||||line 202, col 35 to line 205, col 50 of module PaxosCommit: 5954304
@!@!@ENDMSG 2221 @!@!@
@!@!@STARTMSG 2221:0 @!@!@
  ||||||||||||line 202, col 38 to line 202, col 55 of module PaxosCommit: 5954304
@!@!@ENDMSG 2221 @!@!@
@!@!@STARTMSG 2221:0 @!@!@
  ||||||||||||line 203, col 38 to line 203, col 47 of module PaxosCommit: 1884768
@!@!@ENDMSG 2221 @!@!@
@!@!@STARTMSG 2221:0 @!@!@
  ||||||||||||line 204, col 38 to line 204, col 49 of module PaxosCommit: 1021920
@!@!@ENDMSG 2221 @!@!@
@!@!@STARTMSG 2221:0 @!@!@
  ||||||||||||line 205, col 38 to line 205, col 50 of module PaxosCommit: 1021920
@!@!@ENDMSG 2221 @!@!@
@!@!@STARTMSG 2221:0 @!@!@
  |||||||||||line 202, col 28 to line 202, col 31 of module PaxosCommit: 408768
@!@!@ENDMSG 2221 @!@!@
@!@!@STARTMSG 2221:0 @!@!@
  |||||line 209, col 41 to line 209, col 44 of module PaxosCommit: 252816
@!@!@ENDMSG 2221 @!@!@
@!@!@STARTMSG 2775:0 @!@!@
  ||||||line 202, col 21 to line 205, col 51 of module PaxosCommit: 252816:408768
@!@!@ENDMSG 2775 @!@!@
@!@!@STARTMSG 2221:0 @!@!@
  |||||||line 202, col 35 to line 205, col 50 of module PaxosCommit: 3718320
@!@!@ENDMSG 2221 @!@!@
@!@!@STARTMSG 2221:0 @!@!@
  ||||||||line 202, col 38 to line 202, col 55 of module PaxosCommit: 3718320
@!@!@ENDMSG 2221 @!@!@
@!@!@STARTMSG 2221:0 @!@!@
  ||||||||line 203, col 38 to line 203, col 47 of module PaxosCommit: 1165416
@!@!@ENDMSG 2221 @!@!@
@!@!@STARTMSG 2221:0 @!@!@
  ||||||||line 204, col 38 to line 204, col 49 of module PaxosCommit: 632040
@!@!@ENDMSG 2221 @!@!@
@!@!@STARTMSG 2221:0 @!@!@
  ||||||||line 205, col 38 to line 205, col 50 of module PaxosCommit: 632040
@!@!@ENDMSG 2221 @!@!@
@!@!@STARTMSG 2221:0 @!@!@
  |||||||line 202, col 28 to line 202, col 31 of module PaxosCommit: 252816
@!@!@ENDMSG 2221 @!@!@
@!@!@STARTMSG 2221:0 @!@!@
  line 201, col 16 to line 201, col 23 of module PaxosCommit: 493074
@!@!@ENDMSG 2221 @!@!@
@!@!@STARTMSG 2221:0 @!@!@
  line 212, col 6 to line 212, col 34 of module PaxosCommit: 328716
@!@!@ENDMSG 2221 @!@!@
@!@!@STARTMSG 2772:0 @!@!@
<PCDecide line 214, col 1 to line 214, col 8 of module PaxosCommit>: 61454:2886972
@!@!@ENDMSG 2772 @!@!@
@!@!@STARTMSG 2221:0 @!@!@
  line 226, col 29 to line 227, col 73 of module PaxosCommit: 18678174
@!@!@ENDMSG 2221 @!@!@
@!@!@STARTMSG 2221:0 @!@!@
  |line 226, col 29 to line 227, col 64 of module PaxosCommit: 16318014
@!@!@ENDMSG 2221 @!@!@
@!@!@STARTMSG 2221:0 @!@!@
  |line 227, col 70 to line 227, col 73 of module PaxosCommit: 16318014
@!@!@ENDMSG 2221 @!@!@
@!@!@STARTMSG 2221:0 @!@!@
  line 226, col 24 to line 226, col 25 of module PaxosCommit: 13160142
@!@!@ENDMSG 2221 @!@!@
@!@!@STARTMSG 2221:0 @!@!@
  line 225, col 21 to line 225, col 26 of module PaxosCommit: 2193357
@!@!@ENDMSG 2221 @!@!@
@!@!@STARTMSG 2221:0 @!@!@
  line 225, col 36 to line 225, col 43 of module PaxosCommit: 2193357
@!@!@ENDMSG 2221 @!@!@
@!@!@STARTMSG 2221:0 @!@!@
  line 228, col 38 to line 228, col 38 of module PaxosCommit: 2193357
@!@!@ENDMSG 2221 @!@!@
@!@!@STARTMSG 2221:0 @!@!@
  line 228, col 25 to line 228, col 26 of module PaxosCommit: 1321761
@!@!@ENDMSG 2221 @!@!@
@!@!@STARTMSG 2221:0 @!@!@
  line 229, col 16 to line 229, col 40 of module PaxosCommit: 784080
@!@!@ENDMSG 2221 @!@!@
@!@!@STARTMSG 2221:0 @!@!@
  line 226, col 29 to line 227, col 73 of module PaxosCommit: 23952264
@!@!@ENDMSG 2221 @!@!@
@!@!@STARTMSG 2221:0 @!@!@
  |line 226, col 29 to line 227, col 64 of module PaxosCommit: 19746480
@!@!@ENDMSG 2221 @!@!@
@!@!@STARTMSG 2221:0 @!@!@
  |line 227, col 70 to line 227, col 73 of module PaxosCommit: 19746480
@!@!@ENDMSG 2221 @!@!@
@!@!@STARTMSG 2221:0 @!@!@
  line 226, col 24 to line 226, col 25 of module PaxosCommit: 15861132
@!@!@ENDMSG 2221 @!@!@
@!@!@STARTMSG 2221:0 @!@!@
  line 225, col 21 to line 225, col 26 of module PaxosCommit: 2643522
@!@!@ENDMSG 2221 @!@!@
@!@!@STARTMSG 2221:0 @!@!@
  line 225, col 36 to line 225, col 43 of module PaxosCommit: 2643522
@!@!@ENDMSG 2221 @!@!@
@!@!@STARTMSG 2221:0 @!@!@
  line 230, col 38 to line 230, col 38 of module PaxosCommit: 2643522
@!@!@ENDMSG 2221 @!@!@
@!@!@STARTMSG 2221:0 @!@!@
  line 230, col 25 to line 230, col 26 of module PaxosCommit: 1321761
@!@!@ENDMSG 2221 @!@!@
@!@!@STARTMSG 2221:0 @!@!@
  line 231, col 16 to line 231, col 39 of module PaxosCommit: 2102892
@!@!@ENDMSG 2221 @!@!@
@!@!@STARTMSG 2221:0 @!@!@
  line 232, col 6 to line 232, col 34 of module PaxosCommit: 2886972
@!@!@ENDMSG 2221 @!@!@
@!@!@STARTMSG 2772:0 @!@!@
<Phase1b line 239, col 1 to line 239, col 12 of module PaxosCommit>: 192131:1370904
@!@!@ENDMSG 2772 @!@!@
@!@!@STARTMSG 2221:0 @!@!@
  line 241, col 8 to line 241, col 25 of module PaxosCommit: 64133436
@!@!@ENDMSG 2221 @!@!@
@!@!@STARTMSG 2221:0 @!@!@
  |line 241, col 8 to line 241, col 13 of module PaxosCommit: 62762532
@!@!@ENDMSG 2221 @!@!@
@!@!@STARTMSG 2221:0 @!@!@
  line 242, col 8 to line 242, col 38 of module PaxosCommit: 1370904
@!@!@ENDMSG 2221 @!@!@
@!@!@STARTMSG 2221:0 @!@!@
  |line 242, col 8 to line 242, col 30 of module PaxosCommit: 7766208
@!@!@ENDMSG 2221 @!@!@
@!@!@STARTMSG 2221:0 @!@!@
  |line 242, col 34 to line 242, col 38 of module PaxosCommit: 7766208
@!@!@ENDMSG 2221 @!@!@
@!@!@STARTMSG 2221:0 @!@!@
  line 243, col 8 to line 243, col 59 of module PaxosCommit: 1370904
@!@!@ENDMSG 2221 @!@!@
@!@!@STARTMSG 2221:0 @!@!@
  line 244, col 8 to line 249, col 27 of module PaxosCommit: 1370904
@!@!@ENDMSG 2221 @!@!@
@!@!@STARTMSG 2221:0 @!@!@
  line 250, col 8 to line 250, col 24 of module PaxosCommit: 1370904
@!@!@ENDMSG 2221 @!@!@
@!@!@STARTMSG 2221:0 @!@!@
  line 240, col 12 to line 240, col 15 of module PaxosCommit: 3965283
@!@!@ENDMSG 2221 @!@!@
@!@!@STARTMSG 2772:0 @!@!@
<Phase2b line 252, col 1 to line 252, col 12 of module PaxosCommit>: 920094:7901664
@!@!@ENDMSG 2772 @!@!@
@!@!@STARTMSG 2221:0 @!@!@
  line 254, col 11 to line 254, col 28 of module PaxosCommit: 70664196
@!@!@ENDMSG 2221 @!@!@
@!@!@STARTMSG 2221:0 @!@!@
  |line 254, col 11 to line 254, col 16 of module PaxosCommit: 62762532
@!@!@ENDMSG 2221 @!@!@
@!@!@STARTMSG 2221:0 @!@!@
  line 255, col 11 to line 255, col 44 of module PaxosCommit: 7901664
@!@!@ENDMSG 2221 @!@!@
@!@!@STARTMSG 2221:0 @!@!@
  |line 255, col 11 to line 255, col 33 of module PaxosCommit: 13888656
@!@!@ENDMSG 2221 @!@!@
@!@!@STARTMSG 2221:0 @!@!@
  |line 255, col 40 to line 255, col 44 of module PaxosCommit: 13888656
@!@!@ENDMSG 2221 @!@!@
@!@!@STARTMSG 2221:0 @!@!@
  line 256, col 11 to line 258, col 62 of module PaxosCommit: 7901664
@!@!@ENDMSG 2221 @!@!@
@!@!@STARTMSG 2221:0 @!@!@
  line 259, col 11 to line 260, col 46 of module PaxosCommit: 7901664
@!@!@ENDMSG 2221 @!@!@
@!@!@STARTMSG 2221:0 @!@!@
  line 253, col 15 to line 253, col 18 of module PaxosCommit: 3965283
@!@!@ENDMSG 2221 @!@!@
@!@!@STARTMSG 2221:0 @!@!@
  line 261, col 6 to line 261, col 22 of module PaxosCommit: 7901664
@!@!@ENDMSG 2221 @!@!@
@!@!@STARTMSG 2774:0 @!@!@
<PCTypeOK line 86, col 1 to line 86, col 8 of module PaxosCommit>
@!@!@ENDMSG 2774 @!@!@
@!@!@STARTMSG 2221:0 @!@!@
  line 92, col 3 to line 96, col 28 of module PaxosCommit: 1321761
@!@!@ENDMSG 2221 @!@!@
@!@!@STARTMSG 2202:0 @!@!@
End of statistics.
@!@!@ENDMSG 2202 @!@!@
@!@!@STARTMSG 2200:0 @!@!@
Progress(28) at 2023-06-08 22:25:39: 16,959,159 states generated (6,700,885 s/min), 1,321,761 distinct states found (522,252 ds/min), 0 states left on queue.
@!@!@ENDMSG 2200 @!@!@
@!@!@STARTMSG 2199:0 @!@!@
16959159 states generated, 1321761 distinct states found, 0 states left on queue.
@!@!@ENDMSG 2199 @!@!@
@!@!@STARTMSG 2194:0 @!@!@
The depth of the complete state graph search is 28.
@!@!@ENDMSG 2194 @!@!@
@!@!@STARTMSG 2268:0 @!@!@
The average outdegree of the complete state graph is 1 (minimum is 0, the maximum 12 and the 95th percentile is 3).
@!@!@ENDMSG 2268 @!@!@
@!@!@STARTMSG 2186:0 @!@!@
Finished in 151867ms at (2023-06-08 22:25:39)
@!@!@ENDMSG 2186 @!@!@
